[0.015s] Invoking command in '/home/hugo/flox/wp_navigation_workspace/build/px4_missions': AMENT_PREFIX_PATH=/home/hugo/flox/wp_navigation_workspace/install/px4_msgs:${AMENT_PREFIX_PATH} CMAKE_PREFIX_PATH=/home/hugo/flox/wp_navigation_workspace/install/px4_msgs:/opt/ros/foxy LD_LIBRARY_PATH=/home/hugo/flox/wp_navigation_workspace/install/px4_msgs/lib:${LD_LIBRARY_PATH} PYTHONPATH=/home/hugo/flox/wp_navigation_workspace/install/px4_msgs/lib/python3.8/site-packages:${PYTHONPATH} /usr/local/bin/cmake /home/hugo/flox/wp_navigation_workspace/px4_ros_com_ros2/src/wp_nav -DAMENT_CMAKE_SYMLINK_INSTALL=1 -DCMAKE_INSTALL_PREFIX=/home/hugo/flox/wp_navigation_workspace/install/px4_missions
[0.065s] -- The C compiler identification is GNU 9.4.0
[0.124s] -- The CXX compiler identification is GNU 9.4.0
[0.131s] -- Detecting C compiler ABI info
[0.185s] -- Detecting C compiler ABI info - done
[0.194s] -- Check for working C compiler: /usr/bin/cc - skipped
[0.194s] -- Detecting C compile features
[0.195s] -- Detecting C compile features - done
[0.198s] -- Detecting CXX compiler ABI info
[0.264s] -- Detecting CXX compiler ABI info - done
[0.275s] -- Check for working CXX compiler: /usr/bin/c++ - skipped
[0.275s] -- Detecting CXX compile features
[0.276s] -- Detecting CXX compile features - done
[0.278s] -- Found ament_cmake: 0.9.9 (/opt/ros/foxy/share/ament_cmake/cmake)
[0.332s] -- Found PythonInterp: /usr/bin/python3 (found suitable version "3.8.10", minimum required is "3") 
[0.332s] -- Using PYTHON_EXECUTABLE: /usr/bin/python3
[0.645s] -- Override CMake install command with custom implementation using symlinks instead of copying resources
[0.671s] -- Found rclcpp: 2.4.1 (/opt/ros/foxy/share/rclcpp/cmake)
[0.727s] -- Using all available rosidl_typesupport_c: rosidl_typesupport_fastrtps_c;rosidl_typesupport_introspection_c
[0.733s] -- Found rosidl_adapter: 1.2.1 (/opt/ros/foxy/share/rosidl_adapter/cmake)
[0.809s] -- Found OpenSSL: /usr/lib/x86_64-linux-gnu/libcrypto.so (found version "1.1.1f")  
[0.831s] -- Found FastRTPS: /opt/ros/foxy/include  
[0.903s] -- Using all available rosidl_typesupport_cpp: rosidl_typesupport_fastrtps_cpp;rosidl_typesupport_introspection_cpp
[0.959s] -- Found rmw_implementation_cmake: 1.0.3 (/opt/ros/foxy/share/rmw_implementation_cmake/cmake)
[0.961s] -- Using RMW implementation 'rmw_fastrtps_cpp' as default
[0.964s] -- Looking for pthread.h
[1.029s] -- Looking for pthread.h - found
[1.030s] -- Performing Test CMAKE_HAVE_LIBC_PTHREAD
[1.091s] -- Performing Test CMAKE_HAVE_LIBC_PTHREAD - Failed
[1.091s] -- Looking for pthread_create in pthreads
[1.138s] -- Looking for pthread_create in pthreads - not found
[1.138s] -- Looking for pthread_create in pthread
[1.197s] -- Looking for pthread_create in pthread - found
[1.198s] -- Found Threads: TRUE  
[1.362s] -- Found px4_msgs: 2.0.1 (/home/hugo/flox/wp_navigation_workspace/install/px4_msgs/share/px4_msgs/cmake)
[1.386s] -- Found nav_msgs: 2.0.5 (/opt/ros/foxy/share/nav_msgs/cmake)
[1.517s] -- Found sensor_msgs: 2.0.5 (/opt/ros/foxy/share/sensor_msgs/cmake)
[1.586s] -- Found ament_lint_auto: 0.9.6 (/opt/ros/foxy/share/ament_lint_auto/cmake)
[1.650s] CMake Error at /opt/ros/foxy/share/ament_cmake_core/cmake/core/ament_package_xml.cmake:53 (message):
[1.651s]   ament_package_xml() package name 'px4_missions' in '/package.xml' does not
[1.651s]   match current PROJECT_NAME 'wp_nav'.  You must call project() with the same
[1.651s]   package name before.
[1.651s] Call Stack (most recent call first):
[1.651s]   /opt/ros/foxy/share/ament_lint_auto/cmake/ament_lint_auto_find_test_dependencies.cmake:31 (ament_package_xml)
[1.651s]   CMakeLists.txt:54 (ament_lint_auto_find_test_dependencies)
[1.651s] 
[1.652s] 
[1.652s] -- Configuring incomplete, errors occurred!
[1.652s] See also "/home/hugo/flox/wp_navigation_workspace/build/px4_missions/CMakeFiles/CMakeOutput.log".
[1.652s] See also "/home/hugo/flox/wp_navigation_workspace/build/px4_missions/CMakeFiles/CMakeError.log".
[1.658s] Invoked command in '/home/hugo/flox/wp_navigation_workspace/build/px4_missions' returned '1': AMENT_PREFIX_PATH=/home/hugo/flox/wp_navigation_workspace/install/px4_msgs:${AMENT_PREFIX_PATH} CMAKE_PREFIX_PATH=/home/hugo/flox/wp_navigation_workspace/install/px4_msgs:/opt/ros/foxy LD_LIBRARY_PATH=/home/hugo/flox/wp_navigation_workspace/install/px4_msgs/lib:${LD_LIBRARY_PATH} PYTHONPATH=/home/hugo/flox/wp_navigation_workspace/install/px4_msgs/lib/python3.8/site-packages:${PYTHONPATH} /usr/local/bin/cmake /home/hugo/flox/wp_navigation_workspace/px4_ros_com_ros2/src/wp_nav -DAMENT_CMAKE_SYMLINK_INSTALL=1 -DCMAKE_INSTALL_PREFIX=/home/hugo/flox/wp_navigation_workspace/install/px4_missions
