[0.015s] Invoking command in '/home/hugo/flox/wp_navigation_workspace/build/px4_ros_com': AMENT_PREFIX_PATH=/home/hugo/flox/wp_navigation_workspace/install/px4_msgs:${AMENT_PREFIX_PATH} CMAKE_PREFIX_PATH=/home/hugo/flox/wp_navigation_workspace/install/px4_msgs:/opt/ros/foxy LD_LIBRARY_PATH=/home/hugo/flox/wp_navigation_workspace/install/px4_msgs/lib:${LD_LIBRARY_PATH} PYTHONPATH=/home/hugo/flox/wp_navigation_workspace/install/px4_msgs/lib/python3.8/site-packages:${PYTHONPATH} /usr/local/bin/cmake /home/hugo/flox/wp_navigation_workspace/px4_ros_com_ros2/src/px4_ros_com -DAMENT_CMAKE_SYMLINK_INSTALL=1 -DCMAKE_INSTALL_PREFIX=/home/hugo/flox/wp_navigation_workspace/install/px4_ros_com
[0.065s] -- The C compiler identification is GNU 9.4.0
[0.123s] -- The CXX compiler identification is GNU 9.4.0
[0.129s] -- Detecting C compiler ABI info
[0.185s] -- Detecting C compiler ABI info - done
[0.194s] -- Check for working C compiler: /usr/bin/cc - skipped
[0.194s] -- Detecting C compile features
[0.194s] -- Detecting C compile features - done
[0.197s] -- Detecting CXX compiler ABI info
[0.265s] -- Detecting CXX compiler ABI info - done
[0.275s] -- Check for working CXX compiler: /usr/bin/c++ - skipped
[0.275s] -- Detecting CXX compile features
[0.276s] -- Detecting CXX compile features - done
[0.279s] -- Performing Test COMPILER_SUPPORTS_CXX17
[0.374s] -- Performing Test COMPILER_SUPPORTS_CXX17 - Success
[0.375s] -- Performing Test COMPILER_SUPPORTS_CXX14
[0.461s] -- Performing Test COMPILER_SUPPORTS_CXX14 - Success
[0.462s] -- Performing Test COMPILER_SUPPORTS_CXX11
[0.540s] -- Performing Test COMPILER_SUPPORTS_CXX11 - Success
[0.541s] -- Performing Test COMPILER_SUPPORTS_CXX0X
[0.611s] -- Performing Test COMPILER_SUPPORTS_CXX0X - Success
[0.611s] -- Using C++17 compiler
[0.613s] -- Found ament_cmake: 0.9.9 (/opt/ros/foxy/share/ament_cmake/cmake)
[0.667s] -- Found PythonInterp: /usr/bin/python3 (found suitable version "3.8.10", minimum required is "3") 
[0.667s] -- Using PYTHON_EXECUTABLE: /usr/bin/python3
[0.913s] -- Override CMake install command with custom implementation using symlinks instead of copying resources
[0.935s] -- Found builtin_interfaces: 1.0.0 (/opt/ros/foxy/share/builtin_interfaces/cmake)
[0.961s] -- Using all available rosidl_typesupport_c: rosidl_typesupport_fastrtps_c;rosidl_typesupport_introspection_c
[0.968s] -- Found rosidl_adapter: 1.2.1 (/opt/ros/foxy/share/rosidl_adapter/cmake)
[1.058s] -- Found OpenSSL: /usr/lib/x86_64-linux-gnu/libcrypto.so (found version "1.1.1f")  
[1.082s] -- Found FastRTPS: /opt/ros/foxy/include  
[1.161s] -- Using all available rosidl_typesupport_cpp: rosidl_typesupport_fastrtps_cpp;rosidl_typesupport_introspection_cpp
[1.211s] -- Found rclcpp: 2.4.1 (/opt/ros/foxy/share/rclcpp/cmake)
[1.252s] -- Found rmw_implementation_cmake: 1.0.3 (/opt/ros/foxy/share/rmw_implementation_cmake/cmake)
[1.253s] -- Using RMW implementation 'rmw_fastrtps_cpp' as default
[1.254s] -- Looking for pthread.h
[1.318s] -- Looking for pthread.h - found
[1.318s] -- Performing Test CMAKE_HAVE_LIBC_PTHREAD
[1.381s] -- Performing Test CMAKE_HAVE_LIBC_PTHREAD - Failed
[1.381s] -- Looking for pthread_create in pthreads
[1.423s] -- Looking for pthread_create in pthreads - not found
[1.424s] -- Looking for pthread_create in pthread
[1.483s] -- Looking for pthread_create in pthread - found
[1.484s] -- Found Threads: TRUE  
[1.620s] -- Found rmw_fastrtps_cpp: 1.3.0 (/opt/ros/foxy/share/rmw_fastrtps_cpp/cmake)
[1.722s] -- Found px4_msgs: 2.0.1 (/home/hugo/flox/wp_navigation_workspace/install/px4_msgs/share/px4_msgs/cmake)
[1.738s] -- Found sensor_msgs: 2.0.5 (/opt/ros/foxy/share/sensor_msgs/cmake)
[1.867s] -- Found eigen3_cmake_module: 0.1.1 (/opt/ros/foxy/share/eigen3_cmake_module/cmake)
[1.870s] -- fastrtpsgen found in /usr/local/bin
[1.940s] openjdk version "11.0.14" 2022-01-18
[1.941s] OpenJDK Runtime Environment (build 11.0.14+9-Ubuntu-0ubuntu2.20.04)
[1.941s] OpenJDK 64-Bit Server VM (build 11.0.14+9-Ubuntu-0ubuntu2.20.04, mixed mode, sharing)
[1.982s] -- fastrtpsgen version 1.0.4
[1.982s] -- px4_msgs message dir under /home/hugo/flox/wp_navigation_workspace/install/px4_msgs/share/px4_msgs/msg
[1.982s] -- IDL definitions under /home/hugo/flox/wp_navigation_workspace/install/px4_msgs/share/px4_msgs/msg
[1.982s] -- Retrieving list of msgs to send...
[2.049s] -- List of msgs to send: DebugArray, DebugKeyValue, DebugValue, DebugVect, OffboardControlMode, OnboardComputerStatus, OpticalFlow, PositionSetpoint, PositionSetpointTriplet, TelemetryStatus, Timesync, TrajectoryBezier, VehicleCommand, VehicleLocalPositionSetpoint, VehicleTrajectoryBezier, VehicleTrajectoryWaypoint, TrajectorySetpoint, VehicleMocapOdometry, VehicleVisualOdometry
[2.049s] -- Retrieving list of msgs to receive...
[2.107s] -- List of msgs to receive: CollisionConstraints, SensorCombined, Timesync, TimesyncStatus, TrajectoryWaypoint, VehicleControlMode, VehicleOdometry, VehicleStatus
[2.190s] -- Configuring done
[2.309s] -- Generating done
[2.311s] -- Build files have been written to: /home/hugo/flox/wp_navigation_workspace/build/px4_ros_com
