[0.226s] DEBUG:colcon:Command line arguments: ['/usr/bin/colcon', 'build', '--symlink-install', '--event-handlers', 'console_direct+']
[0.226s] DEBUG:colcon:Parsed command line arguments: Namespace(allow_overriding=[], ament_cmake_args=None, base_paths=['.'], build_base='build', catkin_cmake_args=None, catkin_skip_building_tests=False, cmake_args=None, cmake_clean_cache=False, cmake_clean_first=False, cmake_force_configure=False, cmake_target=None, cmake_target_skip_unavailable=False, continue_on_error=False, event_handlers=['console_direct+'], executor='parallel', ignore_user_meta=False, install_base='install', log_base=None, log_level=None, main=<bound method BuildVerb.main of <colcon_core.verb.build.BuildVerb object at 0x7f7df249bcd0>>, merge_install=False, metas=['./colcon.meta'], packages_above=None, packages_above_and_dependencies=None, packages_above_depth=None, packages_end=None, packages_ignore=None, packages_ignore_regex=None, packages_select=None, packages_select_build_failed=False, packages_select_by_dep=None, packages_select_regex=None, packages_select_test_failures=False, packages_skip=None, packages_skip_build_finished=False, packages_skip_by_dep=None, packages_skip_regex=None, packages_skip_test_passed=False, packages_skip_up_to=None, packages_start=None, packages_up_to=None, packages_up_to_regex=None, parallel_workers=8, paths=None, symlink_install=True, test_result_base=None, verb_extension=<colcon_core.verb.build.BuildVerb object at 0x7f7df249bcd0>, verb_name='build', verb_parser=<colcon_defaults.argument_parser.defaults.DefaultArgumentsDecorator object at 0x7f7df24a6280>)
[0.234s] Level 1:colcon.colcon_core.package_discovery:discover_packages(colcon_meta) check parameters
[0.234s] Level 1:colcon.colcon_core.package_discovery:discover_packages(recursive) check parameters
[0.234s] Level 1:colcon.colcon_core.package_discovery:discover_packages(ignore) check parameters
[0.234s] Level 1:colcon.colcon_core.package_discovery:discover_packages(path) check parameters
[0.234s] Level 1:colcon.colcon_core.package_discovery:discover_packages(colcon_meta) discover
[0.234s] Level 1:colcon.colcon_core.package_discovery:discover_packages(recursive) discover
[0.235s] INFO:colcon.colcon_core.package_discovery:Crawling recursively for packages in '/home/hugo/flox/wp_navigation_workspace'
[0.235s] Level 1:colcon.colcon_core.package_identification:_identify(.) by extensions ['ignore', 'ignore_ament_install']
[0.235s] Level 1:colcon.colcon_core.package_identification:_identify(.) by extension 'ignore'
[0.235s] Level 1:colcon.colcon_core.package_identification:_identify(.) by extension 'ignore_ament_install'
[0.235s] Level 1:colcon.colcon_core.package_identification:_identify(.) by extensions ['colcon_pkg']
[0.235s] Level 1:colcon.colcon_core.package_identification:_identify(.) by extension 'colcon_pkg'
[0.235s] Level 1:colcon.colcon_core.package_identification:_identify(.) by extensions ['colcon_meta']
[0.235s] Level 1:colcon.colcon_core.package_identification:_identify(.) by extension 'colcon_meta'
[0.235s] Level 1:colcon.colcon_core.package_identification:_identify(.) by extensions ['ros']
[0.235s] Level 1:colcon.colcon_core.package_identification:_identify(.) by extension 'ros'
[0.256s] Level 1:colcon.colcon_core.package_identification:_identify(.) by extensions ['cmake', 'python']
[0.256s] Level 1:colcon.colcon_core.package_identification:_identify(.) by extension 'cmake'
[0.256s] Level 1:colcon.colcon_core.package_identification:_identify(.) by extension 'python'
[0.256s] Level 1:colcon.colcon_core.package_identification:_identify(.) by extensions ['python_setup_py']
[0.256s] Level 1:colcon.colcon_core.package_identification:_identify(.) by extension 'python_setup_py'
[0.256s] Level 1:colcon.colcon_core.package_identification:_identify(build) by extensions ['ignore', 'ignore_ament_install']
[0.257s] Level 1:colcon.colcon_core.package_identification:_identify(build) by extension 'ignore'
[0.257s] Level 1:colcon.colcon_core.package_identification:_identify(build) ignored
[0.257s] Level 1:colcon.colcon_core.package_identification:_identify(install) by extensions ['ignore', 'ignore_ament_install']
[0.257s] Level 1:colcon.colcon_core.package_identification:_identify(install) by extension 'ignore'
[0.257s] Level 1:colcon.colcon_core.package_identification:_identify(install) ignored
[0.257s] Level 1:colcon.colcon_core.package_identification:_identify(log) by extensions ['ignore', 'ignore_ament_install']
[0.257s] Level 1:colcon.colcon_core.package_identification:_identify(log) by extension 'ignore'
[0.257s] Level 1:colcon.colcon_core.package_identification:_identify(log) ignored
[0.257s] Level 1:colcon.colcon_core.package_identification:_identify(px4_ros_com_ros2) by extensions ['ignore', 'ignore_ament_install']
[0.257s] Level 1:colcon.colcon_core.package_identification:_identify(px4_ros_com_ros2) by extension 'ignore'
[0.257s] Level 1:colcon.colcon_core.package_identification:_identify(px4_ros_com_ros2) by extension 'ignore_ament_install'
[0.257s] Level 1:colcon.colcon_core.package_identification:_identify(px4_ros_com_ros2) by extensions ['colcon_pkg']
[0.257s] Level 1:colcon.colcon_core.package_identification:_identify(px4_ros_com_ros2) by extension 'colcon_pkg'
[0.258s] Level 1:colcon.colcon_core.package_identification:_identify(px4_ros_com_ros2) by extensions ['colcon_meta']
[0.258s] Level 1:colcon.colcon_core.package_identification:_identify(px4_ros_com_ros2) by extension 'colcon_meta'
[0.258s] Level 1:colcon.colcon_core.package_identification:_identify(px4_ros_com_ros2) by extensions ['ros']
[0.258s] Level 1:colcon.colcon_core.package_identification:_identify(px4_ros_com_ros2) by extension 'ros'
[0.258s] Level 1:colcon.colcon_core.package_identification:_identify(px4_ros_com_ros2) by extensions ['cmake', 'python']
[0.258s] Level 1:colcon.colcon_core.package_identification:_identify(px4_ros_com_ros2) by extension 'cmake'
[0.258s] Level 1:colcon.colcon_core.package_identification:_identify(px4_ros_com_ros2) by extension 'python'
[0.258s] Level 1:colcon.colcon_core.package_identification:_identify(px4_ros_com_ros2) by extensions ['python_setup_py']
[0.258s] Level 1:colcon.colcon_core.package_identification:_identify(px4_ros_com_ros2) by extension 'python_setup_py'
[0.258s] Level 1:colcon.colcon_core.package_identification:_identify(px4_ros_com_ros2/src) by extensions ['ignore', 'ignore_ament_install']
[0.258s] Level 1:colcon.colcon_core.package_identification:_identify(px4_ros_com_ros2/src) by extension 'ignore'
[0.258s] Level 1:colcon.colcon_core.package_identification:_identify(px4_ros_com_ros2/src) by extension 'ignore_ament_install'
[0.258s] Level 1:colcon.colcon_core.package_identification:_identify(px4_ros_com_ros2/src) by extensions ['colcon_pkg']
[0.258s] Level 1:colcon.colcon_core.package_identification:_identify(px4_ros_com_ros2/src) by extension 'colcon_pkg'
[0.258s] Level 1:colcon.colcon_core.package_identification:_identify(px4_ros_com_ros2/src) by extensions ['colcon_meta']
[0.258s] Level 1:colcon.colcon_core.package_identification:_identify(px4_ros_com_ros2/src) by extension 'colcon_meta'
[0.258s] Level 1:colcon.colcon_core.package_identification:_identify(px4_ros_com_ros2/src) by extensions ['ros']
[0.259s] Level 1:colcon.colcon_core.package_identification:_identify(px4_ros_com_ros2/src) by extension 'ros'
[0.259s] Level 1:colcon.colcon_core.package_identification:_identify(px4_ros_com_ros2/src) by extensions ['cmake', 'python']
[0.259s] Level 1:colcon.colcon_core.package_identification:_identify(px4_ros_com_ros2/src) by extension 'cmake'
[0.259s] Level 1:colcon.colcon_core.package_identification:_identify(px4_ros_com_ros2/src) by extension 'python'
[0.259s] Level 1:colcon.colcon_core.package_identification:_identify(px4_ros_com_ros2/src) by extensions ['python_setup_py']
[0.259s] Level 1:colcon.colcon_core.package_identification:_identify(px4_ros_com_ros2/src) by extension 'python_setup_py'
[0.259s] Level 1:colcon.colcon_core.package_identification:_identify(px4_ros_com_ros2/src/px4_msgs) by extensions ['ignore', 'ignore_ament_install']
[0.259s] Level 1:colcon.colcon_core.package_identification:_identify(px4_ros_com_ros2/src/px4_msgs) by extension 'ignore'
[0.259s] Level 1:colcon.colcon_core.package_identification:_identify(px4_ros_com_ros2/src/px4_msgs) by extension 'ignore_ament_install'
[0.259s] Level 1:colcon.colcon_core.package_identification:_identify(px4_ros_com_ros2/src/px4_msgs) by extensions ['colcon_pkg']
[0.259s] Level 1:colcon.colcon_core.package_identification:_identify(px4_ros_com_ros2/src/px4_msgs) by extension 'colcon_pkg'
[0.259s] Level 1:colcon.colcon_core.package_identification:_identify(px4_ros_com_ros2/src/px4_msgs) by extensions ['colcon_meta']
[0.259s] Level 1:colcon.colcon_core.package_identification:_identify(px4_ros_com_ros2/src/px4_msgs) by extension 'colcon_meta'
[0.259s] Level 1:colcon.colcon_core.package_identification:_identify(px4_ros_com_ros2/src/px4_msgs) by extensions ['ros']
[0.259s] Level 1:colcon.colcon_core.package_identification:_identify(px4_ros_com_ros2/src/px4_msgs) by extension 'ros'
[0.262s] DEBUG:colcon.colcon_core.package_identification:Package 'px4_ros_com_ros2/src/px4_msgs' with type 'ros.ament_cmake' and name 'px4_msgs'
[0.263s] Level 1:colcon.colcon_core.package_identification:_identify(px4_ros_com_ros2/src/px4_ros_com) by extensions ['ignore', 'ignore_ament_install']
[0.263s] Level 1:colcon.colcon_core.package_identification:_identify(px4_ros_com_ros2/src/px4_ros_com) by extension 'ignore'
[0.263s] Level 1:colcon.colcon_core.package_identification:_identify(px4_ros_com_ros2/src/px4_ros_com) by extension 'ignore_ament_install'
[0.263s] Level 1:colcon.colcon_core.package_identification:_identify(px4_ros_com_ros2/src/px4_ros_com) by extensions ['colcon_pkg']
[0.263s] Level 1:colcon.colcon_core.package_identification:_identify(px4_ros_com_ros2/src/px4_ros_com) by extension 'colcon_pkg'
[0.263s] Level 1:colcon.colcon_core.package_identification:_identify(px4_ros_com_ros2/src/px4_ros_com) by extensions ['colcon_meta']
[0.263s] Level 1:colcon.colcon_core.package_identification:_identify(px4_ros_com_ros2/src/px4_ros_com) by extension 'colcon_meta'
[0.263s] Level 1:colcon.colcon_core.package_identification:_identify(px4_ros_com_ros2/src/px4_ros_com) by extensions ['ros']
[0.263s] Level 1:colcon.colcon_core.package_identification:_identify(px4_ros_com_ros2/src/px4_ros_com) by extension 'ros'
[0.264s] DEBUG:colcon.colcon_core.package_identification:Package 'px4_ros_com_ros2/src/px4_ros_com' with type 'ros.ament_cmake' and name 'px4_ros_com'
[0.264s] Level 1:colcon.colcon_core.package_identification:_identify(px4_ros_com_ros2/src/wp_nav) by extensions ['ignore', 'ignore_ament_install']
[0.265s] Level 1:colcon.colcon_core.package_identification:_identify(px4_ros_com_ros2/src/wp_nav) by extension 'ignore'
[0.265s] Level 1:colcon.colcon_core.package_identification:_identify(px4_ros_com_ros2/src/wp_nav) by extension 'ignore_ament_install'
[0.265s] Level 1:colcon.colcon_core.package_identification:_identify(px4_ros_com_ros2/src/wp_nav) by extensions ['colcon_pkg']
[0.265s] Level 1:colcon.colcon_core.package_identification:_identify(px4_ros_com_ros2/src/wp_nav) by extension 'colcon_pkg'
[0.265s] Level 1:colcon.colcon_core.package_identification:_identify(px4_ros_com_ros2/src/wp_nav) by extensions ['colcon_meta']
[0.265s] Level 1:colcon.colcon_core.package_identification:_identify(px4_ros_com_ros2/src/wp_nav) by extension 'colcon_meta'
[0.265s] Level 1:colcon.colcon_core.package_identification:_identify(px4_ros_com_ros2/src/wp_nav) by extensions ['ros']
[0.265s] Level 1:colcon.colcon_core.package_identification:_identify(px4_ros_com_ros2/src/wp_nav) by extension 'ros'
[0.267s] DEBUG:colcon.colcon_core.package_identification:Package 'px4_ros_com_ros2/src/wp_nav' with type 'ros.ament_cmake' and name 'px4_missions'
[0.267s] Level 1:colcon.colcon_core.package_discovery:discover_packages(recursive) using defaults
[0.267s] Level 1:colcon.colcon_core.package_discovery:discover_packages(ignore) discover
[0.267s] Level 1:colcon.colcon_core.package_discovery:discover_packages(ignore) using defaults
[0.267s] Level 1:colcon.colcon_core.package_discovery:discover_packages(path) discover
[0.267s] Level 1:colcon.colcon_core.package_discovery:discover_packages(path) using defaults
[0.289s] Level 5:colcon.colcon_core.verb:set package 'px4_msgs' build argument 'cmake_args' from command line to 'None'
[0.290s] Level 5:colcon.colcon_core.verb:set package 'px4_msgs' build argument 'cmake_target' from command line to 'None'
[0.290s] Level 5:colcon.colcon_core.verb:set package 'px4_msgs' build argument 'cmake_target_skip_unavailable' from command line to 'False'
[0.290s] Level 5:colcon.colcon_core.verb:set package 'px4_msgs' build argument 'cmake_clean_cache' from command line to 'False'
[0.290s] Level 5:colcon.colcon_core.verb:set package 'px4_msgs' build argument 'cmake_clean_first' from command line to 'False'
[0.290s] Level 5:colcon.colcon_core.verb:set package 'px4_msgs' build argument 'cmake_force_configure' from command line to 'False'
[0.290s] Level 5:colcon.colcon_core.verb:set package 'px4_msgs' build argument 'ament_cmake_args' from command line to 'None'
[0.290s] Level 5:colcon.colcon_core.verb:set package 'px4_msgs' build argument 'catkin_cmake_args' from command line to 'None'
[0.290s] Level 5:colcon.colcon_core.verb:set package 'px4_msgs' build argument 'catkin_skip_building_tests' from command line to 'False'
[0.290s] DEBUG:colcon.colcon_core.verb:Building package 'px4_msgs' with the following arguments: {'ament_cmake_args': None, 'build_base': '/home/hugo/flox/wp_navigation_workspace/build/px4_msgs', 'catkin_cmake_args': None, 'catkin_skip_building_tests': False, 'cmake_args': None, 'cmake_clean_cache': False, 'cmake_clean_first': False, 'cmake_force_configure': False, 'cmake_target': None, 'cmake_target_skip_unavailable': False, 'install_base': '/home/hugo/flox/wp_navigation_workspace/install/px4_msgs', 'merge_install': False, 'path': '/home/hugo/flox/wp_navigation_workspace/px4_ros_com_ros2/src/px4_msgs', 'symlink_install': True, 'test_result_base': None}
[0.290s] Level 5:colcon.colcon_core.verb:set package 'px4_missions' build argument 'cmake_args' from command line to 'None'
[0.291s] Level 5:colcon.colcon_core.verb:set package 'px4_missions' build argument 'cmake_target' from command line to 'None'
[0.291s] Level 5:colcon.colcon_core.verb:set package 'px4_missions' build argument 'cmake_target_skip_unavailable' from command line to 'False'
[0.291s] Level 5:colcon.colcon_core.verb:set package 'px4_missions' build argument 'cmake_clean_cache' from command line to 'False'
[0.291s] Level 5:colcon.colcon_core.verb:set package 'px4_missions' build argument 'cmake_clean_first' from command line to 'False'
[0.291s] Level 5:colcon.colcon_core.verb:set package 'px4_missions' build argument 'cmake_force_configure' from command line to 'False'
[0.291s] Level 5:colcon.colcon_core.verb:set package 'px4_missions' build argument 'ament_cmake_args' from command line to 'None'
[0.291s] Level 5:colcon.colcon_core.verb:set package 'px4_missions' build argument 'catkin_cmake_args' from command line to 'None'
[0.291s] Level 5:colcon.colcon_core.verb:set package 'px4_missions' build argument 'catkin_skip_building_tests' from command line to 'False'
[0.291s] DEBUG:colcon.colcon_core.verb:Building package 'px4_missions' with the following arguments: {'ament_cmake_args': None, 'build_base': '/home/hugo/flox/wp_navigation_workspace/build/px4_missions', 'catkin_cmake_args': None, 'catkin_skip_building_tests': False, 'cmake_args': None, 'cmake_clean_cache': False, 'cmake_clean_first': False, 'cmake_force_configure': False, 'cmake_target': None, 'cmake_target_skip_unavailable': False, 'install_base': '/home/hugo/flox/wp_navigation_workspace/install/px4_missions', 'merge_install': False, 'path': '/home/hugo/flox/wp_navigation_workspace/px4_ros_com_ros2/src/wp_nav', 'symlink_install': True, 'test_result_base': None}
[0.291s] Level 5:colcon.colcon_core.verb:set package 'px4_ros_com' build argument 'cmake_args' from command line to 'None'
[0.292s] Level 5:colcon.colcon_core.verb:set package 'px4_ros_com' build argument 'cmake_target' from command line to 'None'
[0.292s] Level 5:colcon.colcon_core.verb:set package 'px4_ros_com' build argument 'cmake_target_skip_unavailable' from command line to 'False'
[0.292s] Level 5:colcon.colcon_core.verb:set package 'px4_ros_com' build argument 'cmake_clean_cache' from command line to 'False'
[0.292s] Level 5:colcon.colcon_core.verb:set package 'px4_ros_com' build argument 'cmake_clean_first' from command line to 'False'
[0.292s] Level 5:colcon.colcon_core.verb:set package 'px4_ros_com' build argument 'cmake_force_configure' from command line to 'False'
[0.292s] Level 5:colcon.colcon_core.verb:set package 'px4_ros_com' build argument 'ament_cmake_args' from command line to 'None'
[0.292s] Level 5:colcon.colcon_core.verb:set package 'px4_ros_com' build argument 'catkin_cmake_args' from command line to 'None'
[0.292s] Level 5:colcon.colcon_core.verb:set package 'px4_ros_com' build argument 'catkin_skip_building_tests' from command line to 'False'
[0.292s] DEBUG:colcon.colcon_core.verb:Building package 'px4_ros_com' with the following arguments: {'ament_cmake_args': None, 'build_base': '/home/hugo/flox/wp_navigation_workspace/build/px4_ros_com', 'catkin_cmake_args': None, 'catkin_skip_building_tests': False, 'cmake_args': None, 'cmake_clean_cache': False, 'cmake_clean_first': False, 'cmake_force_configure': False, 'cmake_target': None, 'cmake_target_skip_unavailable': False, 'install_base': '/home/hugo/flox/wp_navigation_workspace/install/px4_ros_com', 'merge_install': False, 'path': '/home/hugo/flox/wp_navigation_workspace/px4_ros_com_ros2/src/px4_ros_com', 'symlink_install': True, 'test_result_base': None}
[0.296s] INFO:colcon.colcon_core.executor:Executing jobs using 'parallel' executor
[0.298s] DEBUG:colcon.colcon_parallel_executor.executor.parallel:run_until_complete
[0.298s] INFO:colcon.colcon_ros.task.ament_cmake.build:Building ROS package in '/home/hugo/flox/wp_navigation_workspace/px4_ros_com_ros2/src/px4_msgs' with build type 'ament_cmake'
[0.299s] INFO:colcon.colcon_cmake.task.cmake.build:Building CMake package in '/home/hugo/flox/wp_navigation_workspace/px4_ros_com_ros2/src/px4_msgs'
[0.304s] INFO:colcon.colcon_core.plugin_system:Skipping extension 'colcon_core.shell.bat': Not used on non-Windows systems
[0.304s] INFO:colcon.colcon_core.shell:Skip shell extension 'powershell' for command environment: Not usable outside of PowerShell
[0.304s] DEBUG:colcon.colcon_core.shell:Skip shell extension 'dsv' for command environment
[0.312s] DEBUG:colcon.colcon_core.event_handler.log_command:Invoking command in '/home/hugo/flox/wp_navigation_workspace/build/px4_msgs': CMAKE_PREFIX_PATH=/opt/ros/foxy /usr/local/bin/cmake /home/hugo/flox/wp_navigation_workspace/px4_ros_com_ros2/src/px4_msgs -DAMENT_CMAKE_SYMLINK_INSTALL=1 -DCMAKE_INSTALL_PREFIX=/home/hugo/flox/wp_navigation_workspace/install/px4_msgs
[4.280s] DEBUG:colcon.colcon_core.event_handler.log_command:Invoked command in '/home/hugo/flox/wp_navigation_workspace/build/px4_msgs' returned '0': CMAKE_PREFIX_PATH=/opt/ros/foxy /usr/local/bin/cmake /home/hugo/flox/wp_navigation_workspace/px4_ros_com_ros2/src/px4_msgs -DAMENT_CMAKE_SYMLINK_INSTALL=1 -DCMAKE_INSTALL_PREFIX=/home/hugo/flox/wp_navigation_workspace/install/px4_msgs
[4.283s] DEBUG:colcon.colcon_core.event_handler.log_command:Invoking command in '/home/hugo/flox/wp_navigation_workspace/build/px4_msgs': CMAKE_PREFIX_PATH=/opt/ros/foxy /usr/local/bin/cmake --build /home/hugo/flox/wp_navigation_workspace/build/px4_msgs -- -j8 -l8
[264.872s] DEBUG:colcon.colcon_core.event_handler.log_command:Invoked command in '/home/hugo/flox/wp_navigation_workspace/build/px4_msgs' returned '0': CMAKE_PREFIX_PATH=/opt/ros/foxy /usr/local/bin/cmake --build /home/hugo/flox/wp_navigation_workspace/build/px4_msgs -- -j8 -l8
[269.562s] DEBUG:colcon.colcon_core.event_handler.log_command:Invoking command in '/home/hugo/flox/wp_navigation_workspace/build/px4_msgs': CMAKE_PREFIX_PATH=/opt/ros/foxy /usr/local/bin/cmake --install /home/hugo/flox/wp_navigation_workspace/build/px4_msgs
[280.476s] Level 1:colcon.colcon_core.environment:create_environment_scripts_only(px4_msgs)
[280.477s] DEBUG:colcon.colcon_core.event_handler.log_command:Invoked command in '/home/hugo/flox/wp_navigation_workspace/build/px4_msgs' returned '0': CMAKE_PREFIX_PATH=/opt/ros/foxy /usr/local/bin/cmake --install /home/hugo/flox/wp_navigation_workspace/build/px4_msgs
[280.484s] Level 1:colcon.colcon_core.environment:checking '/home/hugo/flox/wp_navigation_workspace/install/px4_msgs' for CMake module files
[280.485s] Level 1:colcon.colcon_core.environment:checking '/home/hugo/flox/wp_navigation_workspace/install/px4_msgs' for CMake config files
[280.485s] Level 1:colcon.colcon_core.shell:create_environment_hook('px4_msgs', 'cmake_prefix_path')
[280.485s] INFO:colcon.colcon_core.shell:Creating environment hook '/home/hugo/flox/wp_navigation_workspace/install/px4_msgs/share/px4_msgs/hook/cmake_prefix_path.ps1'
[280.486s] INFO:colcon.colcon_core.shell:Creating environment descriptor '/home/hugo/flox/wp_navigation_workspace/install/px4_msgs/share/px4_msgs/hook/cmake_prefix_path.dsv'
[280.487s] INFO:colcon.colcon_core.shell:Creating environment hook '/home/hugo/flox/wp_navigation_workspace/install/px4_msgs/share/px4_msgs/hook/cmake_prefix_path.sh'
[280.488s] Level 1:colcon.colcon_core.environment:checking '/home/hugo/flox/wp_navigation_workspace/install/px4_msgs/lib'
[280.488s] Level 1:colcon.colcon_core.shell:create_environment_hook('px4_msgs', 'ld_library_path_lib')
[280.488s] INFO:colcon.colcon_core.shell:Creating environment hook '/home/hugo/flox/wp_navigation_workspace/install/px4_msgs/share/px4_msgs/hook/ld_library_path_lib.ps1'
[280.489s] INFO:colcon.colcon_core.shell:Creating environment descriptor '/home/hugo/flox/wp_navigation_workspace/install/px4_msgs/share/px4_msgs/hook/ld_library_path_lib.dsv'
[280.489s] INFO:colcon.colcon_core.shell:Creating environment hook '/home/hugo/flox/wp_navigation_workspace/install/px4_msgs/share/px4_msgs/hook/ld_library_path_lib.sh'
[280.489s] Level 1:colcon.colcon_core.environment:checking '/home/hugo/flox/wp_navigation_workspace/install/px4_msgs/bin'
[280.489s] Level 1:colcon.colcon_core.environment:checking '/home/hugo/flox/wp_navigation_workspace/install/px4_msgs/lib/pkgconfig/px4_msgs.pc'
[280.490s] Level 1:colcon.colcon_core.environment:checking '/home/hugo/flox/wp_navigation_workspace/install/px4_msgs/lib/python3.8/site-packages'
[280.490s] Level 1:colcon.colcon_core.shell:create_environment_hook('px4_msgs', 'pythonpath')
[280.490s] INFO:colcon.colcon_core.shell:Creating environment hook '/home/hugo/flox/wp_navigation_workspace/install/px4_msgs/share/px4_msgs/hook/pythonpath.ps1'
[280.490s] INFO:colcon.colcon_core.shell:Creating environment descriptor '/home/hugo/flox/wp_navigation_workspace/install/px4_msgs/share/px4_msgs/hook/pythonpath.dsv'
[280.491s] INFO:colcon.colcon_core.shell:Creating environment hook '/home/hugo/flox/wp_navigation_workspace/install/px4_msgs/share/px4_msgs/hook/pythonpath.sh'
[280.491s] INFO:colcon.colcon_core.shell:Creating package script '/home/hugo/flox/wp_navigation_workspace/install/px4_msgs/share/px4_msgs/package.ps1'
[280.492s] INFO:colcon.colcon_core.shell:Creating package descriptor '/home/hugo/flox/wp_navigation_workspace/install/px4_msgs/share/px4_msgs/package.dsv'
[280.493s] INFO:colcon.colcon_core.shell:Creating package script '/home/hugo/flox/wp_navigation_workspace/install/px4_msgs/share/px4_msgs/package.sh'
[280.494s] INFO:colcon.colcon_core.shell:Creating package script '/home/hugo/flox/wp_navigation_workspace/install/px4_msgs/share/px4_msgs/package.bash'
[280.495s] INFO:colcon.colcon_core.shell:Creating package script '/home/hugo/flox/wp_navigation_workspace/install/px4_msgs/share/px4_msgs/package.zsh'
[280.496s] Level 1:colcon.colcon_core.environment:create_file_with_runtime_dependencies(/home/hugo/flox/wp_navigation_workspace/install/px4_msgs/share/colcon-core/packages/px4_msgs)
[286.079s] Level 1:colcon.colcon_core.environment:create_environment_scripts_only(px4_msgs)
[286.081s] Level 1:colcon.colcon_core.environment:checking '/home/hugo/flox/wp_navigation_workspace/install/px4_msgs' for CMake module files
[286.082s] Level 1:colcon.colcon_core.environment:checking '/home/hugo/flox/wp_navigation_workspace/install/px4_msgs' for CMake config files
[286.083s] Level 1:colcon.colcon_core.shell:create_environment_hook('px4_msgs', 'cmake_prefix_path')
[286.084s] INFO:colcon.colcon_core.shell:Creating environment hook '/home/hugo/flox/wp_navigation_workspace/install/px4_msgs/share/px4_msgs/hook/cmake_prefix_path.ps1'
[286.084s] INFO:colcon.colcon_core.shell:Creating environment descriptor '/home/hugo/flox/wp_navigation_workspace/install/px4_msgs/share/px4_msgs/hook/cmake_prefix_path.dsv'
[286.085s] INFO:colcon.colcon_core.shell:Creating environment hook '/home/hugo/flox/wp_navigation_workspace/install/px4_msgs/share/px4_msgs/hook/cmake_prefix_path.sh'
[286.086s] Level 1:colcon.colcon_core.environment:checking '/home/hugo/flox/wp_navigation_workspace/install/px4_msgs/lib'
[286.086s] Level 1:colcon.colcon_core.shell:create_environment_hook('px4_msgs', 'ld_library_path_lib')
[286.087s] INFO:colcon.colcon_core.shell:Creating environment hook '/home/hugo/flox/wp_navigation_workspace/install/px4_msgs/share/px4_msgs/hook/ld_library_path_lib.ps1'
[286.088s] INFO:colcon.colcon_core.shell:Creating environment descriptor '/home/hugo/flox/wp_navigation_workspace/install/px4_msgs/share/px4_msgs/hook/ld_library_path_lib.dsv'
[286.089s] INFO:colcon.colcon_core.shell:Creating environment hook '/home/hugo/flox/wp_navigation_workspace/install/px4_msgs/share/px4_msgs/hook/ld_library_path_lib.sh'
[286.089s] Level 1:colcon.colcon_core.environment:checking '/home/hugo/flox/wp_navigation_workspace/install/px4_msgs/bin'
[286.089s] Level 1:colcon.colcon_core.environment:checking '/home/hugo/flox/wp_navigation_workspace/install/px4_msgs/lib/pkgconfig/px4_msgs.pc'
[286.090s] Level 1:colcon.colcon_core.environment:checking '/home/hugo/flox/wp_navigation_workspace/install/px4_msgs/lib/python3.8/site-packages'
[286.090s] Level 1:colcon.colcon_core.shell:create_environment_hook('px4_msgs', 'pythonpath')
[286.091s] INFO:colcon.colcon_core.shell:Creating environment hook '/home/hugo/flox/wp_navigation_workspace/install/px4_msgs/share/px4_msgs/hook/pythonpath.ps1'
[286.091s] INFO:colcon.colcon_core.shell:Creating environment descriptor '/home/hugo/flox/wp_navigation_workspace/install/px4_msgs/share/px4_msgs/hook/pythonpath.dsv'
[286.092s] INFO:colcon.colcon_core.shell:Creating environment hook '/home/hugo/flox/wp_navigation_workspace/install/px4_msgs/share/px4_msgs/hook/pythonpath.sh'
[286.094s] INFO:colcon.colcon_core.shell:Creating package script '/home/hugo/flox/wp_navigation_workspace/install/px4_msgs/share/px4_msgs/package.ps1'
[286.095s] INFO:colcon.colcon_core.shell:Creating package descriptor '/home/hugo/flox/wp_navigation_workspace/install/px4_msgs/share/px4_msgs/package.dsv'
[286.095s] INFO:colcon.colcon_core.shell:Creating package script '/home/hugo/flox/wp_navigation_workspace/install/px4_msgs/share/px4_msgs/package.sh'
[286.096s] INFO:colcon.colcon_core.shell:Creating package script '/home/hugo/flox/wp_navigation_workspace/install/px4_msgs/share/px4_msgs/package.bash'
[286.097s] INFO:colcon.colcon_core.shell:Creating package script '/home/hugo/flox/wp_navigation_workspace/install/px4_msgs/share/px4_msgs/package.zsh'
[286.097s] Level 1:colcon.colcon_core.environment:create_file_with_runtime_dependencies(/home/hugo/flox/wp_navigation_workspace/install/px4_msgs/share/colcon-core/packages/px4_msgs)
[286.098s] INFO:colcon.colcon_ros.task.ament_cmake.build:Building ROS package in '/home/hugo/flox/wp_navigation_workspace/px4_ros_com_ros2/src/wp_nav' with build type 'ament_cmake'
[286.098s] INFO:colcon.colcon_cmake.task.cmake.build:Building CMake package in '/home/hugo/flox/wp_navigation_workspace/px4_ros_com_ros2/src/wp_nav'
[286.099s] INFO:colcon.colcon_core.shell:Skip shell extension 'powershell' for command environment: Not usable outside of PowerShell
[286.099s] DEBUG:colcon.colcon_core.shell:Skip shell extension 'dsv' for command environment
[286.104s] INFO:colcon.colcon_ros.task.ament_cmake.build:Building ROS package in '/home/hugo/flox/wp_navigation_workspace/px4_ros_com_ros2/src/px4_ros_com' with build type 'ament_cmake'
[286.105s] INFO:colcon.colcon_cmake.task.cmake.build:Building CMake package in '/home/hugo/flox/wp_navigation_workspace/px4_ros_com_ros2/src/px4_ros_com'
[286.106s] INFO:colcon.colcon_core.shell:Skip shell extension 'powershell' for command environment: Not usable outside of PowerShell
[286.106s] DEBUG:colcon.colcon_core.shell:Skip shell extension 'dsv' for command environment
[286.116s] DEBUG:colcon.colcon_core.event_handler.log_command:Invoking command in '/home/hugo/flox/wp_navigation_workspace/build/px4_missions': AMENT_PREFIX_PATH=/home/hugo/flox/wp_navigation_workspace/install/px4_msgs:${AMENT_PREFIX_PATH} CMAKE_PREFIX_PATH=/home/hugo/flox/wp_navigation_workspace/install/px4_msgs:/opt/ros/foxy LD_LIBRARY_PATH=/home/hugo/flox/wp_navigation_workspace/install/px4_msgs/lib:${LD_LIBRARY_PATH} PYTHONPATH=/home/hugo/flox/wp_navigation_workspace/install/px4_msgs/lib/python3.8/site-packages:${PYTHONPATH} /usr/local/bin/cmake /home/hugo/flox/wp_navigation_workspace/px4_ros_com_ros2/src/wp_nav -DAMENT_CMAKE_SYMLINK_INSTALL=1 -DCMAKE_INSTALL_PREFIX=/home/hugo/flox/wp_navigation_workspace/install/px4_missions
[286.122s] DEBUG:colcon.colcon_core.event_handler.log_command:Invoking command in '/home/hugo/flox/wp_navigation_workspace/build/px4_ros_com': AMENT_PREFIX_PATH=/home/hugo/flox/wp_navigation_workspace/install/px4_msgs:${AMENT_PREFIX_PATH} CMAKE_PREFIX_PATH=/home/hugo/flox/wp_navigation_workspace/install/px4_msgs:/opt/ros/foxy LD_LIBRARY_PATH=/home/hugo/flox/wp_navigation_workspace/install/px4_msgs/lib:${LD_LIBRARY_PATH} PYTHONPATH=/home/hugo/flox/wp_navigation_workspace/install/px4_msgs/lib/python3.8/site-packages:${PYTHONPATH} /usr/local/bin/cmake /home/hugo/flox/wp_navigation_workspace/px4_ros_com_ros2/src/px4_ros_com -DAMENT_CMAKE_SYMLINK_INSTALL=1 -DCMAKE_INSTALL_PREFIX=/home/hugo/flox/wp_navigation_workspace/install/px4_ros_com
[287.759s] DEBUG:colcon.colcon_core.event_handler.log_command:Invoked command in '/home/hugo/flox/wp_navigation_workspace/build/px4_missions' returned '1': AMENT_PREFIX_PATH=/home/hugo/flox/wp_navigation_workspace/install/px4_msgs:${AMENT_PREFIX_PATH} CMAKE_PREFIX_PATH=/home/hugo/flox/wp_navigation_workspace/install/px4_msgs:/opt/ros/foxy LD_LIBRARY_PATH=/home/hugo/flox/wp_navigation_workspace/install/px4_msgs/lib:${LD_LIBRARY_PATH} PYTHONPATH=/home/hugo/flox/wp_navigation_workspace/install/px4_msgs/lib/python3.8/site-packages:${PYTHONPATH} /usr/local/bin/cmake /home/hugo/flox/wp_navigation_workspace/px4_ros_com_ros2/src/wp_nav -DAMENT_CMAKE_SYMLINK_INSTALL=1 -DCMAKE_INSTALL_PREFIX=/home/hugo/flox/wp_navigation_workspace/install/px4_missions
[287.767s] Level 1:colcon.colcon_core.environment:create_environment_scripts_only(px4_missions)
[287.769s] Level 1:colcon.colcon_core.environment:checking '/home/hugo/flox/wp_navigation_workspace/install/px4_missions' for CMake module files
[287.769s] Level 1:colcon.colcon_core.environment:checking '/home/hugo/flox/wp_navigation_workspace/install/px4_missions' for CMake config files
[287.769s] Level 1:colcon.colcon_core.environment:checking '/home/hugo/flox/wp_navigation_workspace/install/px4_missions/bin'
[287.769s] Level 1:colcon.colcon_core.environment:checking '/home/hugo/flox/wp_navigation_workspace/install/px4_missions/lib/pkgconfig/px4_missions.pc'
[287.769s] Level 1:colcon.colcon_core.environment:checking '/home/hugo/flox/wp_navigation_workspace/install/px4_missions/lib/python3.8/site-packages'
[287.770s] INFO:colcon.colcon_core.shell:Creating package script '/home/hugo/flox/wp_navigation_workspace/install/px4_missions/share/px4_missions/package.ps1'
[287.771s] INFO:colcon.colcon_core.shell:Creating package descriptor '/home/hugo/flox/wp_navigation_workspace/install/px4_missions/share/px4_missions/package.dsv'
[287.771s] INFO:colcon.colcon_core.shell:Creating package script '/home/hugo/flox/wp_navigation_workspace/install/px4_missions/share/px4_missions/package.sh'
[287.771s] INFO:colcon.colcon_core.shell:Creating package script '/home/hugo/flox/wp_navigation_workspace/install/px4_missions/share/px4_missions/package.bash'
[287.771s] INFO:colcon.colcon_core.shell:Creating package script '/home/hugo/flox/wp_navigation_workspace/install/px4_missions/share/px4_missions/package.zsh'
[287.773s] Level 1:colcon.colcon_core.environment:create_file_with_runtime_dependencies(/home/hugo/flox/wp_navigation_workspace/install/px4_missions/share/colcon-core/packages/px4_missions)
[288.436s] DEBUG:colcon.colcon_parallel_executor.executor.parallel:closing loop
[288.436s] DEBUG:colcon.colcon_parallel_executor.executor.parallel:loop closed
[288.437s] DEBUG:colcon.colcon_parallel_executor.executor.parallel:run_until_complete finished with '1'
[288.437s] DEBUG:colcon.colcon_core.event_reactor:joining thread
[288.467s] INFO:colcon.colcon_core.plugin_system:Skipping extension 'colcon_notification.desktop_notification.terminal_notifier': Not used on non-Darwin systems
[288.467s] INFO:colcon.colcon_core.plugin_system:Skipping extension 'colcon_notification.desktop_notification.win32': Not used on non-Windows systems
[288.467s] INFO:colcon.colcon_notification.desktop_notification:Sending desktop notification using 'notify2'
[288.492s] DEBUG:colcon.colcon_core.event_reactor:joined thread
[288.493s] INFO:colcon.colcon_core.shell:Creating prefix script '/home/hugo/flox/wp_navigation_workspace/install/local_setup.ps1'
[288.494s] INFO:colcon.colcon_core.shell:Creating prefix util module '/home/hugo/flox/wp_navigation_workspace/install/_local_setup_util_ps1.py'
[288.496s] INFO:colcon.colcon_core.shell:Creating prefix chain script '/home/hugo/flox/wp_navigation_workspace/install/setup.ps1'
[288.498s] INFO:colcon.colcon_core.shell:Creating prefix script '/home/hugo/flox/wp_navigation_workspace/install/local_setup.sh'
[288.499s] INFO:colcon.colcon_core.shell:Creating prefix util module '/home/hugo/flox/wp_navigation_workspace/install/_local_setup_util_sh.py'
[288.500s] INFO:colcon.colcon_core.shell:Creating prefix chain script '/home/hugo/flox/wp_navigation_workspace/install/setup.sh'
[288.502s] INFO:colcon.colcon_core.shell:Creating prefix script '/home/hugo/flox/wp_navigation_workspace/install/local_setup.bash'
[288.502s] INFO:colcon.colcon_core.shell:Creating prefix chain script '/home/hugo/flox/wp_navigation_workspace/install/setup.bash'
[288.504s] INFO:colcon.colcon_core.shell:Creating prefix script '/home/hugo/flox/wp_navigation_workspace/install/local_setup.zsh'
[288.505s] INFO:colcon.colcon_core.shell:Creating prefix chain script '/home/hugo/flox/wp_navigation_workspace/install/setup.zsh'
